<?xml version="1.0" encoding="UTF-8"?>
<!-- Generated by org.testng.reporters.JUnitReportReporter -->
<testsuite hostname="DESKTOP-GABB9UU" failures="0" tests="3" name="dataProvider.DataProviderTest" time="0.010" errors="0" timestamp="2024-02-20T06:25:16 PST" skipped="0">
  <testcase classname="dataProvider.DataProviderTest" name="plumRecivedByHasina" time="0.002"/>
  <testcase classname="dataProvider.DataProviderTest" name="plumRecivedByHasina" time="0.007"/>
  <testcase classname="dataProvider.DataProviderTest" name="plumRecivedByHasina" time="0.001"/>
</testsuite> <!-- dataProvider.DataProviderTest -->
