<?xml version="1.0" encoding="UTF-8"?>
<!-- Generated by org.testng.reporters.JUnitReportReporter -->
<testsuite hostname="DESKTOP-GABB9UU" failures="0" tests="3" name="test_Annotaion_Priority.Test_Annotaion_Priority_Dictionary_Order" time="0.007" errors="0" timestamp="2023-12-16T20:52:42 PST" skipped="0">
  <testcase classname="test_Annotaion_Priority.Test_Annotaion_Priority_Dictionary_Order" name="w" time="0.002"/>
  <testcase classname="test_Annotaion_Priority.Test_Annotaion_Priority_Dictionary_Order" name="a" time="0.004"/>
  <testcase classname="test_Annotaion_Priority.Test_Annotaion_Priority_Dictionary_Order" name="b" time="0.001"/>
</testsuite> <!-- test_Annotaion_Priority.Test_Annotaion_Priority_Dictionary_Order -->
