<?xml version="1.0" encoding="UTF-8"?>
<!-- Generated by org.testng.reporters.JUnitReportReporter -->
<testsuite hostname="DESKTOP-GABB9UU" failures="0" tests="1" name="dataProvider.EMP_LogingPage" time="1.498" errors="0" timestamp="2023-12-23T09:46:33 PST" skipped="0">
  <testcase classname="dataProvider.EMP_LogingPage" name="test_Employee_Login" time="1.498"/>
</testsuite> <!-- dataProvider.EMP_LogingPage -->
