<?xml version="1.0" encoding="UTF-8"?>
<!-- Generated by org.testng.reporters.JUnitReportReporter -->
<testsuite hostname="DESKTOP-GABB9UU" failures="0" tests="3" name="test_Annotaion_Priority.Test_Annotaion_AlwaysRun" time="0.001" errors="0" timestamp="2023-12-16T20:52:42 PST" skipped="1">
  <testcase classname="test_Annotaion_Priority.Test_Annotaion_AlwaysRun" name="order" time="0.000"/>
  <testcase classname="test_Annotaion_Priority.Test_Annotaion_AlwaysRun" name="login" time="0.000"/>
  <testcase classname="test_Annotaion_Priority.Test_Annotaion_AlwaysRun" name="report" time="0.001">
    <skipped/>
  </testcase> <!-- report -->
</testsuite> <!-- test_Annotaion_Priority.Test_Annotaion_AlwaysRun -->
