<?xml version="1.0" encoding="UTF-8"?>
<!-- Generated by org.testng.reporters.JUnitReportReporter -->
<testsuite hostname="DESKTOP-GABB9UU" failures="0" tests="4" name="dataProvider.DataProvider_Test" time="0.005" errors="0" timestamp="2023-12-16T20:52:42 PST" skipped="0">
  <testcase classname="dataProvider.DataProvider_Test" name="testLogingFunctions1" time="0.001"/>
  <testcase classname="dataProvider.DataProvider_Test" name="testLogingFunctions1" time="0.002"/>
  <testcase classname="dataProvider.DataProvider_Test" name="testLogingFunctions1" time="0.001"/>
  <testcase classname="dataProvider.DataProvider_Test" name="testLogingFunctions1" time="0.001"/>
</testsuite> <!-- dataProvider.DataProvider_Test -->
