<?xml version="1.0" encoding="UTF-8"?>
<!-- Generated by org.testng.reporters.JUnitReportReporter -->
<testsuite hostname="DESKTOP-GABB9UU" failures="0" tests="1" name="dataProvider.Test_Customer_Login" time="1.956" errors="0" timestamp="2023-12-23T10:01:09 PST" skipped="0">
  <testcase classname="dataProvider.Test_Customer_Login" name="customer_Login" time="1.956"/>
</testsuite> <!-- dataProvider.Test_Customer_Login -->
