<?xml version="1.0" encoding="UTF-8"?>
<!-- Generated by org.testng.reporters.JUnitReportReporter -->
<testsuite hostname="DESKTOP-GABB9UU" failures="0" tests="3" name="dataProvider.DataProvider_Test2" time="0.007" errors="0" timestamp="2023-12-18T09:18:55 PST" skipped="0">
  <testcase classname="dataProvider.DataProvider_Test2" name="testLogingFunctions1" time="0.001"/>
  <testcase classname="dataProvider.DataProvider_Test2" name="testLogingFunctions1" time="0.005"/>
  <testcase classname="dataProvider.DataProvider_Test2" name="testLogingFunctions1" time="0.001"/>
</testsuite> <!-- dataProvider.DataProvider_Test2 -->
